0 info it worked if it ends with ok
1 verbose cli [ 'C:\\Program Files\\nodejs\\\\node.exe',
1 verbose cli   'C:\\Program Files\\nodejs\\node_modules\\npm\\bin\\npm-cli.js',
1 verbose cli   'install',
1 verbose cli   'hexo-gernerator-sitemap' ]
2 info using npm@1.4.28
3 info using node@v0.10.32
4 verbose node symlink C:\Program Files\nodejs\\node.exe
5 verbose readDependencies using package.json deps
6 verbose cache add [ 'hexo-gernerator-sitemap', null ]
7 verbose cache add name=undefined spec="hexo-gernerator-sitemap" args=["hexo-gernerator-sitemap",null]
8 verbose parsed url { protocol: null,
8 verbose parsed url   slashes: null,
8 verbose parsed url   auth: null,
8 verbose parsed url   host: null,
8 verbose parsed url   port: null,
8 verbose parsed url   hostname: null,
8 verbose parsed url   hash: null,
8 verbose parsed url   search: null,
8 verbose parsed url   query: null,
8 verbose parsed url   pathname: 'hexo-gernerator-sitemap',
8 verbose parsed url   path: 'hexo-gernerator-sitemap',
8 verbose parsed url   href: 'hexo-gernerator-sitemap' }
9 silly lockFile 26f73a51-hexo-gernerator-sitemap hexo-gernerator-sitemap
10 verbose lock hexo-gernerator-sitemap C:\Users\h\AppData\Roaming\npm-cache\26f73a51-hexo-gernerator-sitemap.lock
11 silly lockFile 26f73a51-hexo-gernerator-sitemap hexo-gernerator-sitemap
12 silly lockFile 26f73a51-hexo-gernerator-sitemap hexo-gernerator-sitemap
13 verbose addNamed [ 'hexo-gernerator-sitemap', '' ]
14 verbose addNamed [ null, '*' ]
15 silly lockFile a4e49e07-hexo-gernerator-sitemap hexo-gernerator-sitemap@
16 verbose lock hexo-gernerator-sitemap@ C:\Users\h\AppData\Roaming\npm-cache\a4e49e07-hexo-gernerator-sitemap.lock
17 silly addNameRange { name: 'hexo-gernerator-sitemap', range: '*', hasData: false }
18 verbose request where is /hexo-gernerator-sitemap
19 verbose request registry https://registry.npmjs.org/
20 verbose request id 2304ad2cd9461cda
21 verbose url raw /hexo-gernerator-sitemap
22 verbose url resolving [ 'https://registry.npmjs.org/', './hexo-gernerator-sitemap' ]
23 verbose url resolved https://registry.npmjs.org/hexo-gernerator-sitemap
24 verbose request where is https://registry.npmjs.org/hexo-gernerator-sitemap
25 info trying registry request attempt 1 at 15:13:40
26 http GET https://registry.npmjs.org/hexo-gernerator-sitemap
27 http 404 https://registry.npmjs.org/hexo-gernerator-sitemap
28 verbose headers { date: 'Sat, 25 Oct 2014 07:13:57 GMT',
28 verbose headers   server: 'CouchDB/1.5.0 (Erlang OTP/R16B03)',
28 verbose headers   'content-type': 'application/json',
28 verbose headers   'cache-control': 'max-age=0',
28 verbose headers   'content-length': '52',
28 verbose headers   'accept-ranges': 'bytes',
28 verbose headers   via: '1.1 varnish',
28 verbose headers   age: '0',
28 verbose headers   'x-served-by': 'cache-ty68-TYO',
28 verbose headers   'x-cache': 'MISS',
28 verbose headers   'x-cache-hits': '0',
28 verbose headers   'x-timer': 'S1414221237.560731,VS0,VE132',
28 verbose headers   'keep-alive': 'timeout=10, max=50',
28 verbose headers   connection: 'Keep-Alive' }
29 silly registry.get cb [ 404,
29 silly registry.get   { date: 'Sat, 25 Oct 2014 07:13:57 GMT',
29 silly registry.get     server: 'CouchDB/1.5.0 (Erlang OTP/R16B03)',
29 silly registry.get     'content-type': 'application/json',
29 silly registry.get     'cache-control': 'max-age=0',
29 silly registry.get     'content-length': '52',
29 silly registry.get     'accept-ranges': 'bytes',
29 silly registry.get     via: '1.1 varnish',
29 silly registry.get     age: '0',
29 silly registry.get     'x-served-by': 'cache-ty68-TYO',
29 silly registry.get     'x-cache': 'MISS',
29 silly registry.get     'x-cache-hits': '0',
29 silly registry.get     'x-timer': 'S1414221237.560731,VS0,VE132',
29 silly registry.get     'keep-alive': 'timeout=10, max=50',
29 silly registry.get     connection: 'Keep-Alive' } ]
30 silly lockFile a4e49e07-hexo-gernerator-sitemap hexo-gernerator-sitemap@
31 silly lockFile a4e49e07-hexo-gernerator-sitemap hexo-gernerator-sitemap@
32 error 404 404 Not Found: hexo-gernerator-sitemap
32 error 404
32 error 404 'hexo-gernerator-sitemap' is not in the npm registry.
32 error 404 You should bug the author to publish it
32 error 404 It was specified as a dependency of 'hexo-site'
32 error 404
32 error 404 Note that you can also install from a
32 error 404 tarball, folder, or http url, or git url.
33 error System Windows_NT 6.2.9200
34 error command "C:\\Program Files\\nodejs\\\\node.exe" "C:\\Program Files\\nodejs\\node_modules\\npm\\bin\\npm-cli.js" "install" "hexo-gernerator-sitemap"
35 error cwd G:\hexo
36 error node -v v0.10.32
37 error npm -v 1.4.28
38 error code E404
39 verbose exit [ 1, true ]
